TN:
SF:/home/dio/knowledge-rs/src/app.rs
FN:8,run_cli
FNF:1
FNDA:6,run_cli
DA:8,6
DA:9,8
DA:10,1
DA:12,2
DA:13,1
DA:14,2
DA:15,1
DA:17,1
DA:20,2
DA:21,1
DA:22,2
DA:25,3
DA:26,2
DA:27,0
DA:31,2
DA:32,2
DA:33,1
DA:37,2
DA:38,1
DA:39,2
DA:40,2
DA:41,2
DA:42,2
DA:43,2
DA:44,0
DA:45,0
DA:46,0
DA:47,0
DA:48,0
DA:49,0
DA:50,0
DA:51,0
DA:55,2
DA:57,3
DA:58,2
DA:59,1
DA:60,0
DA:64,1
DA:65,0
DA:66,0
DA:67,0
DA:68,0
DA:71,0
DA:72,0
DA:73,0
DA:74,0
DA:78,1
DA:79,0
DA:80,0
DA:84,2
DA:85,1
DA:87,7
DA:88,1
DA:89,1
DA:90,0
DA:92,2
DA:93,1
DA:96,1
DA:97,2
DA:98,2
DA:99,0
DA:100,2
DA:101,2
DA:102,4
DA:103,2
DA:105,0
DA:106,0
DA:107,0
DA:109,1
DA:111,1
DA:112,1
DA:113,0
DA:115,1
DA:116,2
DA:117,1
DA:118,1
DA:121,2
DA:122,1
DA:123,2
DA:124,2
DA:125,0
DA:126,2
DA:127,2
DA:128,2
DA:129,2
DA:131,2
DA:133,1
DA:135,1
DA:136,1
DA:137,0
DA:139,1
DA:140,2
DA:141,1
DA:142,1
DA:145,1
DA:146,1
DA:147,2
DA:148,0
DA:149,2
DA:150,2
DA:151,2
DA:152,2
DA:154,0
DA:155,0
DA:156,0
DA:159,1
DA:161,1
DA:162,1
DA:163,0
DA:165,1
DA:166,2
DA:167,1
DA:168,1
DA:171,1
DA:172,2
DA:173,2
DA:174,0
DA:175,2
DA:176,2
DA:177,4
DA:178,2
DA:180,2
DA:181,2
DA:183,0
DA:184,0
DA:185,0
DA:188,1
DA:190,1
DA:192,1
DA:193,0
DA:195,1
DA:196,2
DA:197,1
DA:198,1
DA:201,2
DA:202,1
DA:203,1
DA:204,2
DA:205,0
DA:206,2
DA:207,2
DA:210,0
DA:211,0
DA:213,4
DA:214,2
DA:215,2
DA:217,1
DA:219,1
DA:221,1
DA:222,0
DA:224,1
DA:225,2
DA:226,1
DA:227,1
DA:230,2
DA:231,1
DA:232,1
DA:233,2
DA:234,0
DA:235,2
DA:236,2
DA:239,4
DA:240,2
DA:242,0
DA:243,0
DA:244,0
DA:246,1
DA:248,1
DA:250,1
DA:251,0
DA:253,1
DA:254,2
DA:255,1
DA:256,1
DA:259,2
DA:260,2
DA:261,2
DA:262,0
DA:263,2
DA:264,2
DA:267,2
DA:268,2
DA:270,2
DA:271,2
DA:273,0
DA:274,0
DA:275,0
DA:278,1
LF:188
LH:137
end_of_record
TN:
SF:/home/dio/knowledge-rs/src/cli/mod.rs
FN:236,parse
FNF:1
FNDA:0,parse
DA:236,0
DA:237,0
LF:2
LH:0
end_of_record
TN:
SF:/home/dio/knowledge-rs/src/graph/mod.rs
FN:115,KnowledgeGraph::build_from_directory_with_cache_opts
FN:270,KnowledgeGraph::get_module_parent
FN:274,KnowledgeGraph::get_module_children
FN:281,KnowledgeGraph::build_from_directory_with_cache
FN:289,KnowledgeGraph::build_from_directory
FN:297,KnowledgeGraph::build_from_directory_opts
FN:301,KnowledgeGraph::save_json
FN:309,KnowledgeGraph::load_json
FN:321,KnowledgeGraph::analyze_relationships
FN:329,KnowledgeGraph::analyze_module_hierarchy
FN:397,KnowledgeGraph::analyze_import_uses
FN:426,KnowledgeGraph::analyze_calls_heuristic
FNF:12
FNDA:6,KnowledgeGraph::build_from_directory_with_cache_opts
FNDA:2,KnowledgeGraph::get_module_parent
FNDA:2,KnowledgeGraph::get_module_children
FNDA:3,KnowledgeGraph::build_from_directory_with_cache
FNDA:9,KnowledgeGraph::build_from_directory
FNDA:1,KnowledgeGraph::build_from_directory_opts
FNDA:0,KnowledgeGraph::save_json
FNDA:0,KnowledgeGraph::load_json
FNDA:6,KnowledgeGraph::analyze_relationships
FNDA:7,KnowledgeGraph::analyze_module_hierarchy
FNDA:7,KnowledgeGraph::analyze_import_uses
FNDA:7,KnowledgeGraph::analyze_calls_heuristic
DA:115,6
DA:125,8
DA:128,14
DA:129,15
DA:130,27
DA:131,4
DA:135,6
DA:137,14
DA:138,6
DA:139,7
DA:140,44
DA:142,44
DA:143,44
DA:144,44
DA:145,15
DA:146,14
DA:151,15
DA:153,55
DA:154,17
DA:162,7
DA:163,7
DA:164,13
DA:165,21
DA:166,14
DA:167,27
DA:168,2
DA:169,2
DA:171,4
DA:172,2
DA:173,4
DA:174,2
DA:175,2
DA:176,2
DA:177,4
DA:179,2
DA:182,2
DA:187,13
DA:191,15
DA:193,20
DA:194,6
DA:195,12
DA:196,12
DA:197,10
DA:198,12
DA:199,8
DA:202,4
DA:203,6
DA:204,4
DA:205,4
DA:206,4
DA:208,4
DA:209,12
DA:210,4
DA:211,4
DA:212,4
DA:213,12
DA:214,6
DA:218,12
DA:219,6
DA:220,6
DA:221,6
DA:222,6
DA:225,6
DA:226,12
DA:227,5
DA:228,5
DA:229,5
DA:230,10
DA:232,5
DA:236,4
DA:237,8
DA:241,4
DA:243,16
DA:244,4
DA:245,2
DA:248,18
DA:249,12
DA:250,6
DA:251,6
DA:255,24
DA:256,6
DA:258,6
DA:259,0
DA:262,6
DA:265,6
DA:266,6
DA:270,2
DA:271,2
DA:274,2
DA:275,4
DA:276,1
DA:277,1
DA:281,3
DA:282,3
DA:283,3
DA:285,3
DA:289,9
DA:290,8
DA:291,9
DA:293,9
DA:297,1
DA:298,1
DA:301,0
DA:302,0
DA:303,0
DA:305,0
DA:306,0
DA:309,0
DA:310,0
DA:311,0
DA:312,0
DA:314,0
DA:321,6
DA:322,6
DA:323,6
DA:324,6
DA:329,7
DA:331,7
DA:332,7
DA:334,7
DA:335,14
DA:336,14
DA:337,7
DA:342,14
DA:344,14
DA:347,14
DA:348,28
DA:351,14
DA:352,32
DA:353,8
DA:354,8
DA:355,0
DA:359,5
DA:363,7
DA:364,21
DA:365,14
DA:366,10
DA:371,7
DA:372,10
DA:374,5
DA:375,5
DA:376,5
DA:377,10
DA:379,5
DA:383,5
DA:386,15
DA:388,10
DA:389,10
DA:390,5
DA:397,7
DA:399,7
DA:401,7
DA:402,14
DA:403,14
DA:404,7
DA:405,16
DA:406,4
DA:407,4
DA:408,8
DA:409,4
DA:411,4
DA:412,2
DA:413,2
DA:414,2
DA:415,4
DA:416,4
DA:417,2
DA:423,7
DA:426,7
DA:428,7
DA:430,14
DA:433,7
DA:434,14
DA:435,14
DA:436,7
DA:437,6
DA:443,5
DA:444,7
DA:446,14
DA:447,14
DA:448,7
DA:449,21
DA:451,7
DA:452,21
DA:453,16
DA:454,4
DA:456,8
DA:457,0
DA:458,0
DA:459,0
DA:463,12
DA:464,8
DA:465,4
DA:466,4
DA:467,4
DA:468,4
DA:469,8
DA:471,4
DA:478,14
DA:479,14
DA:480,28
DA:482,7
DA:483,7
DA:484,7
DA:488,4
DA:489,12
DA:490,4
DA:492,8
DA:493,8
DA:494,4
DA:495,4
DA:496,2
DA:497,2
DA:498,2
DA:499,4
DA:501,2
DA:509,7
LF:217
LH:202
end_of_record
TN:
SF:/home/dio/knowledge-rs/src/graph/resolver.rs
FN:316,Resolver<'a>::module_segments_for
FN:348,Resolver<'a>::new
FN:393,Resolver<'a>::resolve_import
FN:476,Resolver<'a>::is_item_function
FN:485,Resolver<'a>::is_file_level_module
FN:496,Resolver<'a>::resolve_scoped_chain
FN:563,Resolver<'a>::base_src_dir
FNF:7
FNDA:5,Resolver<'a>::module_segments_for
FNDA:10,Resolver<'a>::new
FNDA:4,Resolver<'a>::resolve_import
FNDA:1,Resolver<'a>::is_item_function
FNDA:2,Resolver<'a>::is_file_level_module
FNDA:7,Resolver<'a>::resolve_scoped_chain
FNDA:7,Resolver<'a>::base_src_dir
DA:316,5
DA:318,4
DA:319,6
DA:320,13
DA:321,14
DA:322,7
DA:325,7
DA:326,7
DA:328,21
DA:329,2
DA:330,1
DA:334,6
DA:335,6
DA:336,20
DA:338,9
DA:339,3
DA:343,6
DA:348,10
DA:349,10
DA:350,10
DA:351,10
DA:352,10
DA:353,10
DA:354,21
DA:355,21
DA:356,21
DA:357,11
DA:358,10
DA:359,32
DA:360,10
DA:364,11
DA:365,4
DA:366,0
DA:368,14
DA:369,13
DA:371,5
DA:373,2
DA:374,3
DA:375,1
DA:379,7
DA:380,3
DA:381,3
DA:383,8
DA:393,4
DA:395,4
DA:396,4
DA:398,12
DA:399,12
DA:401,9
DA:404,10
DA:405,0
DA:406,28
DA:407,22
DA:408,14
DA:409,15
DA:410,0
DA:413,15
DA:416,15
DA:417,16
DA:418,2
DA:419,1
DA:420,2
DA:421,1
DA:426,13
DA:427,13
DA:428,6
DA:429,1
DA:430,1
DA:431,2
DA:432,1
DA:439,22
DA:440,11
DA:441,1
DA:445,10
DA:446,5
DA:447,10
DA:451,2
DA:452,0
DA:456,2
DA:457,0
DA:458,0
DA:459,0
DA:460,0
DA:464,0
DA:465,0
DA:466,0
DA:467,0
DA:473,1
DA:476,1
DA:477,3
DA:478,4
DA:479,1
DA:482,0
DA:485,2
DA:486,2
DA:487,4
DA:488,2
DA:491,0
DA:496,7
DA:497,6
DA:498,9
DA:500,7
DA:501,16
DA:503,14
DA:504,19
DA:505,21
DA:507,10
DA:508,14
DA:510,7
DA:512,6
DA:514,6
DA:515,6
DA:516,12
DA:517,12
DA:518,2
DA:519,0
DA:522,4
DA:524,5
DA:525,4
DA:526,9
DA:528,3
DA:530,2
DA:535,4
DA:537,4
DA:538,8
DA:540,3
DA:541,4
DA:542,7
DA:544,4
DA:546,0
DA:549,8
DA:550,8
DA:551,8
DA:552,1
DA:553,2
DA:554,2
DA:556,2
DA:559,4
DA:563,7
DA:564,8
DA:565,7
DA:566,16
DA:567,16
DA:569,16
DA:570,7
DA:571,14
DA:572,14
DA:574,7
LF:148
LH:132
end_of_record
TN:
SF:/home/dio/knowledge-rs/src/main.rs
FN:1,main
FNF:1
FNDA:1,main
DA:1,1
DA:3,0
DA:4,0
DA:5,0
LF:4
LH:1
end_of_record
TN:
SF:/home/dio/knowledge-rs/src/parser/mod.rs
FN:21,RegexPatterns::compile
FN:33,<impl Default for RegexPatterns>::default
FN:37,RustParser::new
FN:41,RustParser::parse_file
FN:48,RustParser::extract_items
FN:99,RustParser::extract_imports
FN:110,parse_visibility
FN:122,line_number_for
FNF:8
FNDA:9,RegexPatterns::compile
FNDA:0,<impl Default for RegexPatterns>::default
FNDA:9,RustParser::new
FNDA:9,RustParser::parse_file
FNDA:9,RustParser::extract_items
FNDA:7,RustParser::extract_imports
FNDA:6,parse_visibility
FNDA:6,line_number_for
DA:21,9
DA:23,9
DA:24,19
DA:25,18
DA:26,18
DA:27,18
DA:32,0
DA:33,0
DA:37,9
DA:38,9
DA:41,9
DA:42,9
DA:43,7
DA:44,14
DA:45,7
DA:48,9
DA:49,9
DA:51,27
DA:52,24
DA:53,24
DA:54,6
DA:55,24
DA:56,6
DA:57,6
DA:58,12
DA:59,6
DA:60,6
DA:61,12
DA:62,6
DA:66,14
DA:67,4
DA:68,4
DA:69,1
DA:70,4
DA:71,1
DA:72,1
DA:73,1
DA:74,1
DA:75,1
DA:76,2
DA:77,1
DA:81,14
DA:82,4
DA:83,5
DA:84,3
DA:85,5
DA:86,2
DA:87,1
DA:88,3
DA:89,1
DA:90,9
DA:91,2
DA:92,1
DA:96,7
DA:99,7
DA:100,9
DA:101,21
DA:102,10
DA:103,6
DA:104,2
DA:106,9
DA:110,6
DA:111,6
DA:112,7
DA:113,12
DA:114,2
DA:115,2
DA:116,2
DA:117,4
DA:119,0
DA:122,6
DA:124,12
LF:72
LH:69
end_of_record
TN:
SF:/home/dio/knowledge-rs/src/query/mod.rs
FN:22,TraitImplsQuery::new
FN:27,<impl Query for TraitImplsQuery>::run
FN:54,ConnectedFilesQuery::new
FN:60,<impl Query for ConnectedFilesQuery>::run
FN:116,FunctionUsageQuery::callers
FN:118,FunctionUsageQuery::callees
FN:122,<impl Query for FunctionUsageQuery>::run
FN:166,CycleDetectionQuery::new
FN:170,<impl Query for CycleDetectionQuery>::run
FN:197,<impl Query for CycleDetectionQuery>::run::dfs
FN:232,ShortestPathQuery::new
FN:238,<impl Query for ShortestPathQuery>::run
FN:304,HubsQuery::new
FN:308,<impl Query for HubsQuery>::run
FN:361,ModuleCentralityQuery::new
FN:365,<impl Query for ModuleCentralityQuery>::run
FNF:16
FNDA:4,TraitImplsQuery::new
FNDA:2,<impl Query for TraitImplsQuery>::run
FNDA:3,ConnectedFilesQuery::new
FNDA:3,<impl Query for ConnectedFilesQuery>::run
FNDA:2,FunctionUsageQuery::callers
FNDA:2,FunctionUsageQuery::callees
FNDA:2,<impl Query for FunctionUsageQuery>::run
FNDA:2,CycleDetectionQuery::new
FNDA:2,<impl Query for CycleDetectionQuery>::run
FNDA:2,<impl Query for CycleDetectionQuery>::run::dfs
FNDA:2,ShortestPathQuery::new
FNDA:2,<impl Query for ShortestPathQuery>::run
FNDA:4,HubsQuery::new
FNDA:2,<impl Query for HubsQuery>::run
FNDA:4,ModuleCentralityQuery::new
FNDA:2,<impl Query for ModuleCentralityQuery>::run
DA:22,4
DA:27,2
DA:28,2
DA:29,4
DA:30,4
DA:31,2
DA:32,1
DA:33,1
DA:34,1
DA:41,2
DA:42,2
DA:54,3
DA:55,6
DA:60,3
DA:62,3
DA:63,3
DA:64,9
DA:65,12
DA:66,6
DA:67,6
DA:69,3
DA:73,9
DA:74,0
DA:77,6
DA:78,6
DA:80,3
DA:81,6
DA:83,6
DA:84,3
DA:85,3
DA:86,1
DA:90,6
DA:91,2
DA:92,2
DA:93,2
DA:99,3
DA:100,6
DA:101,3
DA:116,2
DA:118,2
DA:122,2
DA:124,2
DA:125,2
DA:126,4
DA:127,4
DA:128,2
DA:130,2
DA:131,2
DA:136,2
DA:137,4
DA:139,2
DA:140,4
DA:141,2
DA:143,2
DA:144,2
DA:148,4
DA:149,1
DA:155,2
DA:156,4
DA:157,2
DA:166,2
DA:170,2
DA:172,2
DA:173,4
DA:174,6
DA:177,4
DA:179,2
DA:180,4
DA:181,4
DA:182,2
DA:185,2
DA:186,4
DA:187,2
DA:192,2
DA:193,4
DA:194,2
DA:195,2
DA:197,2
DA:198,2
DA:199,4
DA:200,2
DA:201,4
DA:202,4
DA:203,1
DA:204,2
DA:206,3
DA:207,3
DA:208,1
DA:212,2
DA:213,2
DA:216,4
DA:217,4
DA:220,2
DA:232,2
DA:233,4
DA:238,2
DA:240,2
DA:241,4
DA:242,6
DA:244,4
DA:247,2
DA:248,4
DA:249,4
DA:250,2
DA:253,2
DA:254,4
DA:255,4
DA:256,2
DA:261,2
DA:262,2
DA:263,4
DA:264,4
DA:265,2
DA:266,2
DA:267,2
DA:268,2
DA:269,2
DA:270,2
DA:271,2
DA:272,2
DA:277,4
DA:280,2
DA:281,2
DA:282,6
DA:283,2
DA:284,2
DA:286,2
DA:287,2
DA:289,6
DA:304,4
DA:308,2
DA:310,2
DA:311,4
DA:312,6
DA:315,2
DA:316,4
DA:317,4
DA:318,2
DA:321,2
DA:322,2
DA:323,2
DA:326,4
DA:327,4
DA:328,4
DA:329,2
DA:330,4
DA:336,6
DA:340,6
DA:341,2
DA:342,2
DA:343,3
DA:344,5
DA:345,6
DA:348,2
DA:349,2
DA:361,4
DA:365,2
DA:367,2
DA:368,2
DA:369,6
DA:370,8
DA:371,4
DA:372,2
DA:375,2
DA:376,4
DA:377,6
DA:380,2
DA:381,4
DA:382,4
DA:383,2
DA:384,2
DA:388,2
DA:389,2
DA:390,2
DA:393,4
DA:394,4
DA:395,2
DA:400,6
DA:403,5
DA:404,1
DA:405,1
DA:406,2
DA:407,2
DA:408,3
DA:411,2
DA:412,2
LF:186
LH:185
end_of_record
TN:
SF:/home/dio/knowledge-rs/src/utils/mod.rs
FN:4,table::render
FN:10,table::render::sep
FN:15,table::render::line
FN:75,config::default_config_path
FN:79,config::load_config_at
FN:84,config::load_config_near
FN:121,cache::cache_path
FN:125,cache::load_cache
FN:131,cache::save_cache
FN:138,cache::clear_cache
FN:146,file_walker::rust_files_with_options
FN:188,file_walker::rust_files
FNF:12
FNDA:2,table::render
FNDA:2,table::render::sep
FNDA:2,table::render::line
FNDA:1,config::default_config_path
FNDA:1,config::load_config_at
FNDA:1,config::load_config_near
FNDA:13,cache::cache_path
FNDA:14,cache::load_cache
FNDA:6,cache::save_cache
FNDA:2,cache::clear_cache
FNDA:8,file_walker::rust_files_with_options
FNDA:1,file_walker::rust_files
DA:4,2
DA:5,2
DA:6,6
DA:7,4
DA:8,8
DA:10,2
DA:11,2
DA:12,6
DA:13,2
DA:15,2
DA:16,2
DA:17,6
DA:18,4
DA:19,2
DA:20,2
DA:21,4
DA:22,2
DA:23,2
DA:25,2
DA:28,2
DA:29,4
DA:30,6
DA:31,2
DA:32,4
DA:33,4
DA:34,6
DA:35,2
DA:37,2
DA:38,2
DA:75,1
DA:76,1
DA:79,1
DA:80,1
DA:81,2
DA:84,1
DA:85,1
DA:86,3
DA:121,13
DA:122,14
DA:125,14
DA:126,14
DA:127,14
DA:128,4
DA:131,6
DA:132,6
DA:133,18
DA:134,12
DA:138,2
DA:139,2
DA:140,2
DA:146,8
DA:147,8
DA:148,10
DA:152,16
DA:155,15
DA:158,16
DA:159,18
DA:160,2
DA:162,14
DA:163,30
DA:164,31
DA:165,30
DA:166,31
DA:167,29
DA:169,23
DA:170,16
DA:171,30
DA:173,16
DA:174,29
DA:176,16
DA:177,15
DA:178,16
DA:184,16
DA:188,1
DA:189,1
DA:190,1
DA:192,1
LF:77
LH:77
end_of_record
TN:
SF:/home/dio/knowledge-rs/src/visualization/mod.rs
FNF:0
DA:37,0
DA:44,0
DA:46,0
DA:47,0
DA:49,0
DA:51,0
DA:52,0
DA:54,0
DA:56,0
DA:57,0
DA:59,0
DA:61,0
DA:62,0
DA:63,0
DA:65,0
DA:66,0
DA:67,0
DA:69,0
DA:73,1
DA:75,1
DA:92,2
DA:93,2
DA:94,2
DA:95,1
DA:96,1
DA:97,1
DA:99,1
DA:100,1
DA:101,1
DA:109,1
DA:111,0
DA:112,0
DA:115,1
DA:116,1
DA:117,1
DA:118,1
DA:119,1
DA:120,1
DA:121,1
DA:123,1
DA:125,1
DA:127,1
DA:130,3
DA:134,2
DA:135,2
DA:136,1
DA:140,0
DA:141,0
DA:142,0
DA:143,0
DA:144,0
DA:145,0
DA:146,0
DA:147,0
DA:148,0
DA:149,0
DA:152,0
DA:164,2
DA:165,2
DA:166,2
DA:167,2
DA:168,0
DA:169,0
DA:170,2
DA:171,0
DA:172,0
DA:174,2
DA:175,2
DA:179,1
DA:186,1
DA:188,1
DA:189,1
DA:190,1
DA:191,1
DA:192,1
DA:193,1
DA:194,1
DA:196,2
DA:197,2
DA:198,1
DA:199,1
DA:201,1
DA:204,1
DA:205,1
DA:208,1
DA:216,1
DA:217,1
DA:220,2
DA:221,4
DA:222,1
DA:224,1
DA:225,2
DA:226,1
DA:227,2
DA:228,1
DA:229,2
DA:230,2
DA:233,2
DA:243,2
DA:244,0
DA:246,1
DA:250,2
DA:251,2
DA:252,6
DA:253,6
DA:254,2
DA:259,2
DA:260,2
DA:263,2
DA:264,2
DA:265,2
DA:266,2
DA:267,2
DA:268,2
DA:269,2
DA:270,1
DA:271,1
DA:272,1
DA:273,1
DA:274,1
DA:276,1
DA:277,1
DA:278,1
DA:279,1
DA:280,1
DA:281,1
DA:282,1
DA:283,1
DA:284,1
DA:285,1
LF:130
LH:94
end_of_record
